<?xml version="1.0" encoding="UTF-8"?>
<testsuite name="CalculatorTest" tests="1" skipped="0" failures="0" errors="0" timestamp="2022-04-27T11:19:14" hostname="DESKTOP-SEBL1BA" time="0.047">
  <properties/>
  <testcase name="�뜑�븯湲�_�뀒�뒪�듃" classname="CalculatorTest" time="0.047"/>
  <system-out><![CDATA[]]></system-out>
  <system-err><![CDATA[]]></system-err>
</testsuite>
